[0.026s] Invoking command in '/root/ros2_ws/src/build/assignment1_rt': CMAKE_PREFIX_PATH=${CMAKE_PREFIX_PATH}:/opt/ros/jazzy /usr/bin/cmake --build /root/ros2_ws/src/build/assignment1_rt -- -j16 -l16
[0.114s] [ 25%] [32mBuilding CXX object CMakeFiles/distance_node.dir/src/distance_node.cpp.o[0m
[0.116s] [ 75%] Built target ui_node
[2.590s] [01m[K/root/ros2_ws/src/assignment1_rt/src/distance_node.cpp:124:6:[m[K [01;31m[Kerror: [m[Kexpected â€˜[01m[K;[m[Kâ€™ after class definition
[2.590s]   124 |     }
[2.590s]       |      [01;31m[K^[m[K
[2.590s]       |      [32m[K;[m[K
[2.603s] [01m[K/root/ros2_ws/src/assignment1_rt/src/distance_node.cpp:125:1:[m[K [01;31m[Kerror: [m[Kexpected declaration before â€˜[01m[K}[m[Kâ€™ token
[2.603s]   125 | [01;31m[K}[m[K;
[2.603s]       | [01;31m[K^[m[K
[5.388s] gmake[2]: *** [CMakeFiles/distance_node.dir/build.make:76: CMakeFiles/distance_node.dir/src/distance_node.cpp.o] Error 1
[5.388s] gmake[1]: *** [CMakeFiles/Makefile2:165: CMakeFiles/distance_node.dir/all] Error 2
[5.389s] gmake: *** [Makefile:146: all] Error 2
[5.391s] Invoked command in '/root/ros2_ws/src/build/assignment1_rt' returned '2': CMAKE_PREFIX_PATH=${CMAKE_PREFIX_PATH}:/opt/ros/jazzy /usr/bin/cmake --build /root/ros2_ws/src/build/assignment1_rt -- -j16 -l16
