[0.063s] Invoking command in '/root/ros2_ws/src/build/assignment1_rt': CMAKE_PREFIX_PATH=${CMAKE_PREFIX_PATH}:/opt/ros/jazzy /usr/bin/cmake /root/ros2_ws/src/assignment1_rt -DCMAKE_INSTALL_PREFIX=/root/ros2_ws/src/install/assignment1_rt
[0.495s] -- The C compiler identification is GNU 13.3.0
[0.698s] -- The CXX compiler identification is GNU 13.3.0
[0.730s] -- Detecting C compiler ABI info
[0.909s] -- Detecting C compiler ABI info - done
[0.922s] -- Check for working C compiler: /usr/bin/cc - skipped
[0.923s] -- Detecting C compile features
[0.924s] -- Detecting C compile features - done
[0.940s] -- Detecting CXX compiler ABI info
[1.114s] -- Detecting CXX compiler ABI info - done
[1.131s] -- Check for working CXX compiler: /usr/bin/c++ - skipped
[1.132s] -- Detecting CXX compile features
[1.132s] -- Detecting CXX compile features - done
[1.178s] -- Found ament_cmake: 2.5.4 (/opt/ros/jazzy/share/ament_cmake/cmake)
[1.456s] -- Found Python3: /usr/bin/python3 (found version "3.12.3") found components: Interpreter 
[1.703s] -- Found rclcpp: 28.1.11 (/opt/ros/jazzy/share/rclcpp/cmake)
[1.826s] -- Found rosidl_generator_c: 4.6.6 (/opt/ros/jazzy/share/rosidl_generator_c/cmake)
[1.865s] -- Found rosidl_generator_cpp: 4.6.6 (/opt/ros/jazzy/share/rosidl_generator_cpp/cmake)
[1.915s] -- Using all available rosidl_typesupport_c: rosidl_typesupport_fastrtps_c;rosidl_typesupport_introspection_c
[1.967s] -- Using all available rosidl_typesupport_cpp: rosidl_typesupport_fastrtps_cpp;rosidl_typesupport_introspection_cpp
[2.152s] -- Found rmw_implementation_cmake: 7.3.2 (/opt/ros/jazzy/share/rmw_implementation_cmake/cmake)
[2.162s] -- Found rmw_fastrtps_cpp: 8.4.3 (/opt/ros/jazzy/share/rmw_fastrtps_cpp/cmake)
[2.377s] -- Found OpenSSL: /usr/lib/x86_64-linux-gnu/libcrypto.so (found version "3.0.13")  
[2.409s] -- Found FastRTPS: /opt/ros/jazzy/include (Required is at least version "2.13") 
[2.440s] -- Using RMW implementation 'rmw_fastrtps_cpp' as default
[2.600s] -- Found geometry_msgs: 5.3.6 (/opt/ros/jazzy/share/geometry_msgs/cmake)
[2.684s] -- Found turtlesim: 1.8.3 (/opt/ros/jazzy/share/turtlesim/cmake)
[2.833s] -- Found ament_lint_auto: 0.17.3 (/opt/ros/jazzy/share/ament_lint_auto/cmake)
[3.035s] -- Added test 'cppcheck' to perform static code analysis on C / C++ code
[3.035s] -- Configured cppcheck include dirs: 
[3.035s] -- Configured cppcheck exclude dirs and/or files: 
[3.038s] -- Added test 'lint_cmake' to check CMake code style
[3.041s] -- Added test 'uncrustify' to check C / C++ code style
[3.041s] -- Configured uncrustify additional arguments: 
[3.043s] -- Added test 'xmllint' to check XML markup files
[3.047s] -- Configuring done (2.9s)
[3.073s] -- Generating done (0.0s)
[3.086s] -- Build files have been written to: /root/ros2_ws/src/build/assignment1_rt
[3.098s] Invoked command in '/root/ros2_ws/src/build/assignment1_rt' returned '0': CMAKE_PREFIX_PATH=${CMAKE_PREFIX_PATH}:/opt/ros/jazzy /usr/bin/cmake /root/ros2_ws/src/assignment1_rt -DCMAKE_INSTALL_PREFIX=/root/ros2_ws/src/install/assignment1_rt
[3.100s] Invoking command in '/root/ros2_ws/src/build/assignment1_rt': CMAKE_PREFIX_PATH=${CMAKE_PREFIX_PATH}:/opt/ros/jazzy /usr/bin/cmake --build /root/ros2_ws/src/build/assignment1_rt -- -j16 -l16
[3.185s] [ 50%] [32mBuilding CXX object CMakeFiles/ui_node.dir/src/ui_node.cpp.o[0m
[3.185s] [ 50%] [32mBuilding CXX object CMakeFiles/distance_node.dir/src/distance_node.cpp.o[0m
[7.012s] [01m[K/root/ros2_ws/src/assignment1_rt/src/distance_node.cpp:110:10:[m[K [01;31m[Kerror: [m[Kâ€˜[01m[Kvoid DistanceNode::[01;32m[Kstop_turtle[m[K(rclcpp::Publisher<geometry_msgs::msg::Twist_<std::allocator<void> > >::SharedPtr)[m[Kâ€™ cannot be overloaded with â€˜[01m[Kvoid DistanceNode::[01;32m[Kstop_turtle[m[K(rclcpp::Publisher<geometry_msgs::msg::Twist_<std::allocator<void> > >::SharedPtr)[m[Kâ€™
[7.012s]   110 |     void [01;31m[Kstop_turtle[m[K(rclcpp::Publisher<geometry_msgs::msg::Twist>::SharedPtr pub)
[7.012s]       |          [01;31m[K^~~~~~~~~~~[m[K
[7.012s] [01m[K/root/ros2_ws/src/assignment1_rt/src/distance_node.cpp:97:9:[m[K [01;36m[Knote: [m[Kprevious declaration â€˜[01m[Kvoid DistanceNode::[01;32m[Kstop_turtle[m[K(rclcpp::Publisher<geometry_msgs::msg::Twist_<std::allocator<void> > >::SharedPtr)[m[Kâ€™
[7.012s]    97 |    void [01;36m[Kstop_turtle[m[K(rclcpp::Publisher<geometry_msgs::msg::Twist>::SharedPtr pub)
[7.013s]       |         [01;36m[K^~~~~~~~~~~[m[K
[7.034s] [01m[K/root/ros2_ws/src/assignment1_rt/src/distance_node.cpp:[m[K In member function â€˜[01m[Kvoid DistanceNode::[01;32m[Kcompute_logic[m[K()[m[Kâ€™:
[7.034s] [01m[K/root/ros2_ws/src/assignment1_rt/src/distance_node.cpp:82:13:[m[K [01;31m[Kerror: [m[Kâ€˜[01m[Kstop_turtles[m[Kâ€™ was not declared in this scope; did you mean â€˜[01m[Kstop_turtle[m[Kâ€™?
[7.034s]    82 |             [01;31m[Kstop_turtles[m[K();
[7.034s]       |             [01;31m[K^~~~~~~~~~~~[m[K
[7.034s]       |             [32m[Kstop_turtle[m[K
[10.610s] [ 75%] [32m[1mLinking CXX executable ui_node[0m
[10.934s] [ 75%] Built target ui_node
[10.959s] gmake[2]: *** [CMakeFiles/distance_node.dir/build.make:76: CMakeFiles/distance_node.dir/src/distance_node.cpp.o] Error 1
[10.959s] gmake[1]: *** [CMakeFiles/Makefile2:165: CMakeFiles/distance_node.dir/all] Error 2
[10.960s] gmake: *** [Makefile:146: all] Error 2
[10.963s] Invoked command in '/root/ros2_ws/src/build/assignment1_rt' returned '2': CMAKE_PREFIX_PATH=${CMAKE_PREFIX_PATH}:/opt/ros/jazzy /usr/bin/cmake --build /root/ros2_ws/src/build/assignment1_rt -- -j16 -l16
