[01m[K/root/ros2_ws/src/assignment1_rt/src/distance_node.cpp:13:5:[m[K [01;31m[Kerror: [m[Kexpected unqualified-id before ‚Äò[01m[K/[m[K‚Äô token
   13 |     [01;31m[K/[m[K ŸÅŸÇÿ∑ compute_logic ÿ±Ÿà ÿß€åŸÜ ⁄©ŸÜ (ÿ®ŸÇ€åŸá ŸáŸÖŸàŸÜ ŸÇÿ®ŸÑ€å)
      |     [01;31m[K^[m[K
In file included from [01m[K/usr/include/c++/13/bits/alloc_traits.h:33[m[K,
                 from [01m[K/usr/include/c++/13/ext/alloc_traits.h:34[m[K,
                 from [01m[K/usr/include/c++/13/bits/basic_string.h:39[m[K,
                 from [01m[K/usr/include/c++/13/string:54[m[K,
                 from [01m[K/root/ros2_ws/src/assignment1_rt/src/distance_node.cpp:2[m[K:
/usr/include/c++/13/bits/stl_construct.h: In instantiation of ‚Äò[01m[Kvoid std::[01;32m[K_Construct[m[K(_Tp*, _Args&& ...) [35m[K[with _Tp = DistanceNode; _Args = {}][m[K[m[K‚Äô:
[01m[K/usr/include/c++/13/bits/alloc_traits.h:661:19:[m[K   required from ‚Äò[01m[Kstatic void std::allocator_traits<std::allocator<void> >::[01;32m[Kconstruct[m[K(allocator_type&, _Up*, _Args&& ...) [35m[K[with _Up = DistanceNode; _Args = {}; allocator_type = std::allocator<void>][m[K[m[K‚Äô
[01m[K/usr/include/c++/13/bits/shared_ptr_base.h:604:39:[m[K   required from ‚Äò[01m[Kstd::_Sp_counted_ptr_inplace<_Tp, _Alloc, _Lp>::[01;32m[K_Sp_counted_ptr_inplace[m[K(_Alloc, _Args&& ...) [35m[K[with _Args = {}; _Tp = DistanceNode; _Alloc = std::allocator<void>; __gnu_cxx::_Lock_policy _Lp = __gnu_cxx::_S_atomic][m[K[m[K‚Äô
[01m[K/usr/include/c++/13/bits/shared_ptr_base.h:971:16:[m[K   required from ‚Äò[01m[Kstd::__shared_count<_Lp>::[01;32m[K__shared_count[m[K(_Tp*&, std::_Sp_alloc_shared_tag<_Alloc>, _Args&& ...) [35m[K[with _Tp = DistanceNode; _Alloc = std::allocator<void>; _Args = {}; __gnu_cxx::_Lock_policy _Lp = __gnu_cxx::_S_atomic][m[K[m[K‚Äô
[01m[K/usr/include/c++/13/bits/shared_ptr_base.h:1712:14:[m[K   required from ‚Äò[01m[Kstd::__shared_ptr<_Tp, _Lp>::[01;32m[K__shared_ptr[m[K(std::_Sp_alloc_shared_tag<_Tp>, _Args&& ...) [35m[K[with _Alloc = std::allocator<void>; _Args = {}; _Tp = DistanceNode; __gnu_cxx::_Lock_policy _Lp = __gnu_cxx::_S_atomic][m[K[m[K‚Äô
[01m[K/usr/include/c++/13/bits/shared_ptr.h:464:59:[m[K   required from ‚Äò[01m[Kstd::shared_ptr<_Tp>::[01;32m[Kshared_ptr[m[K(std::_Sp_alloc_shared_tag<_Tp>, _Args&& ...) [35m[K[with _Alloc = std::allocator<void>; _Args = {}; _Tp = DistanceNode][m[K[m[K‚Äô
[01m[K/usr/include/c++/13/bits/shared_ptr.h:1009:14:[m[K   required from ‚Äò[01m[Kstd::shared_ptr<typename std::enable_if<(! std::is_array< <template-parameter-1-1> >::value), _Tp>::type> std::[01;32m[Kmake_shared[m[K(_Args&& ...) [35m[K[with _Tp = DistanceNode; _Args = {}; typename enable_if<(! is_array< <template-parameter-1-1> >::value), _Tp>::type = DistanceNode][m[K[m[K‚Äô
[01m[K/root/ros2_ws/src/assignment1_rt/src/distance_node.cpp:167:48:[m[K   required from here
[01m[K/usr/include/c++/13/bits/stl_construct.h:119:7:[m[K [01;31m[Kerror: [m[Kuse of deleted function ‚Äò[01m[KDistanceNode::[01;32m[KDistanceNode[m[K()[m[K‚Äô
  119 |       [01;31m[K::new((void*)__p) _Tp(std::forward<_Args>(__args)...)[m[K;
      |       [01;31m[K^~~~~~~~~~~~~~~~~~~~~~~~~~~~~~~~~~~~~~~~~~~~~~~~~~~~~[m[K
[01m[K/root/ros2_ws/src/assignment1_rt/src/distance_node.cpp:10:7:[m[K [01;36m[Knote: [m[K‚Äò[01m[KDistanceNode::[01;32m[KDistanceNode[m[K()[m[K‚Äô is implicitly deleted because the default definition would be ill-formed:
   10 | class [01;36m[KDistanceNode[m[K : public rclcpp::Node
      |       [01;36m[K^~~~~~~~~~~~[m[K
[01m[K/root/ros2_ws/src/assignment1_rt/src/distance_node.cpp:10:7:[m[K [01;31m[Kerror: [m[Kno matching function for call to ‚Äò[01m[Krclcpp::Node::Node()[m[K‚Äô
In file included from [01m[K/opt/ros/jazzy/include/rclcpp/rclcpp/executors/single_threaded_executor.hpp:28[m[K,
                 from [01m[K/opt/ros/jazzy/include/rclcpp/rclcpp/executors.hpp:22[m[K,
                 from [01m[K/opt/ros/jazzy/include/rclcpp/rclcpp/rclcpp.hpp:172[m[K,
                 from [01m[K/root/ros2_ws/src/assignment1_rt/src/distance_node.cpp:4[m[K:
[01m[K/opt/ros/jazzy/include/rclcpp/rclcpp/node.hpp:1629:3:[m[K [01;36m[Knote: [m[Kcandidate: ‚Äò[01m[Krclcpp::Node::[01;32m[KNode[m[K(const rclcpp::Node&, const std::string&)[m[K‚Äô
 1629 |   [01;36m[KNode[m[K(
      |   [01;36m[K^~~~[m[K
[01m[K/opt/ros/jazzy/include/rclcpp/rclcpp/node.hpp:1629:3:[m[K [01;36m[Knote: [m[K  candidate expects 2 arguments, 0 provided
[01m[K/opt/ros/jazzy/include/rclcpp/rclcpp/node.hpp:103:12:[m[K [01;36m[Knote: [m[Kcandidate: ‚Äò[01m[Krclcpp::Node::[01;32m[KNode[m[K(const std::string&, const std::string&, const rclcpp::NodeOptions&)[m[K‚Äô
  103 |   explicit [01;36m[KNode[m[K(
      |            [01;36m[K^~~~[m[K
[01m[K/opt/ros/jazzy/include/rclcpp/rclcpp/node.hpp:103:12:[m[K [01;36m[Knote: [m[K  candidate expects 3 arguments, 0 provided
[01m[K/opt/ros/jazzy/include/rclcpp/rclcpp/node.hpp:91:12:[m[K [01;36m[Knote: [m[Kcandidate: ‚Äò[01m[Krclcpp::Node::[01;32m[KNode[m[K(const std::string&, const rclcpp::NodeOptions&)[m[K‚Äô
   91 |   explicit [01;36m[KNode[m[K(
      |            [01;36m[K^~~~[m[K
[01m[K/opt/ros/jazzy/include/rclcpp/rclcpp/node.hpp:91:12:[m[K [01;36m[Knote: [m[K  candidate expects 2 arguments, 0 provided
gmake[2]: *** [CMakeFiles/distance_node.dir/build.make:76: CMakeFiles/distance_node.dir/src/distance_node.cpp.o] Error 1
gmake[1]: *** [CMakeFiles/Makefile2:165: CMakeFiles/distance_node.dir/all] Error 2
gmake: *** [Makefile:146: all] Error 2
