[ 50%] Built target ui_node
[ 75%] [32mBuilding CXX object CMakeFiles/distance_node.dir/src/distance_node.cpp.o[0m
[01m[K/root/ros2_ws/src/assignment1_rt/src/distance_node.cpp:110:10:[m[K [01;31m[Kerror: [m[Kâ€˜[01m[Kvoid DistanceNode::[01;32m[Kstop_turtle[m[K(rclcpp::Publisher<geometry_msgs::msg::Twist_<std::allocator<void> > >::SharedPtr)[m[Kâ€™ cannot be overloaded with â€˜[01m[Kvoid DistanceNode::[01;32m[Kstop_turtle[m[K(rclcpp::Publisher<geometry_msgs::msg::Twist_<std::allocator<void> > >::SharedPtr)[m[Kâ€™
  110 |     void [01;31m[Kstop_turtle[m[K(rclcpp::Publisher<geometry_msgs::msg::Twist>::SharedPtr pub)
      |          [01;31m[K^~~~~~~~~~~[m[K
[01m[K/root/ros2_ws/src/assignment1_rt/src/distance_node.cpp:97:9:[m[K [01;36m[Knote: [m[Kprevious declaration â€˜[01m[Kvoid DistanceNode::[01;32m[Kstop_turtle[m[K(rclcpp::Publisher<geometry_msgs::msg::Twist_<std::allocator<void> > >::SharedPtr)[m[Kâ€™
   97 |    void [01;36m[Kstop_turtle[m[K(rclcpp::Publisher<geometry_msgs::msg::Twist>::SharedPtr pub)
      |         [01;36m[K^~~~~~~~~~~[m[K
[01m[K/root/ros2_ws/src/assignment1_rt/src/distance_node.cpp:[m[K In member function â€˜[01m[Kvoid DistanceNode::[01;32m[Kcompute_logic[m[K()[m[Kâ€™:
[01m[K/root/ros2_ws/src/assignment1_rt/src/distance_node.cpp:82:13:[m[K [01;31m[Kerror: [m[Kâ€˜[01m[Kstop_turtles[m[Kâ€™ was not declared in this scope; did you mean â€˜[01m[Kstop_turtle[m[Kâ€™?
   82 |             [01;31m[Kstop_turtles[m[K();
      |             [01;31m[K^~~~~~~~~~~~[m[K
      |             [32m[Kstop_turtle[m[K
gmake[2]: *** [CMakeFiles/distance_node.dir/build.make:76: CMakeFiles/distance_node.dir/src/distance_node.cpp.o] Error 1
gmake[1]: *** [CMakeFiles/Makefile2:165: CMakeFiles/distance_node.dir/all] Error 2
gmake: *** [Makefile:146: all] Error 2
